2022-11-29 11:11:47.954  INFO 4472 --- [restartedMain] c.c.events.EventManagementApplication    : Starting EventManagementApplication using Java 17.0.4 on LIN83005561 with PID 4472 (C:\Users\hasonti\Desktop\Workspace\EventManagement\EventManagement\target\classes started by hasonti in C:\Users\hasonti\Desktop\Workspace\EventManagement\EventManagement)
2022-11-29 11:11:47.972  INFO 4472 --- [restartedMain] c.c.events.EventManagementApplication    : No active profile set, falling back to 1 default profile: "default"
2022-11-29 11:11:48.112  INFO 4472 --- [restartedMain] .e.DevToolsPropertyDefaultsPostProcessor : Devtools property defaults active! Set 'spring.devtools.add-properties' to 'false' to disable
2022-11-29 11:11:48.113  INFO 4472 --- [restartedMain] .e.DevToolsPropertyDefaultsPostProcessor : For additional web related logging consider setting the 'logging.level.web' property to 'DEBUG'
2022-11-29 11:11:49.316  INFO 4472 --- [restartedMain] .s.d.r.c.RepositoryConfigurationDelegate : Bootstrapping Spring Data JPA repositories in DEFAULT mode.
2022-11-29 11:11:49.434  INFO 4472 --- [restartedMain] .s.d.r.c.RepositoryConfigurationDelegate : Finished Spring Data repository scanning in 100 ms. Found 5 JPA repository interfaces.
2022-11-29 11:11:50.422  INFO 4472 --- [restartedMain] o.s.b.w.embedded.tomcat.TomcatWebServer  : Tomcat initialized with port(s): 8095 (http)
2022-11-29 11:11:50.439  INFO 4472 --- [restartedMain] o.apache.catalina.core.StandardService   : Starting service [Tomcat]
2022-11-29 11:11:50.440  INFO 4472 --- [restartedMain] org.apache.catalina.core.StandardEngine  : Starting Servlet engine: [Apache Tomcat/9.0.68]
2022-11-29 11:11:50.573  INFO 4472 --- [restartedMain] o.a.c.c.C.[Tomcat].[localhost].[/]       : Initializing Spring embedded WebApplicationContext
2022-11-29 11:11:50.574  INFO 4472 --- [restartedMain] w.s.c.ServletWebServerApplicationContext : Root WebApplicationContext: initialization completed in 2458 ms
2022-11-29 11:11:50.789  INFO 4472 --- [restartedMain] o.hibernate.jpa.internal.util.LogHelper  : HHH000204: Processing PersistenceUnitInfo [name: default]
2022-11-29 11:11:50.878  INFO 4472 --- [restartedMain] org.hibernate.Version                    : HHH000412: Hibernate ORM core version 5.6.12.Final
2022-11-29 11:11:51.242  INFO 4472 --- [restartedMain] o.hibernate.annotations.common.Version   : HCANN000001: Hibernate Commons Annotations {5.1.2.Final}
2022-11-29 11:11:51.421  INFO 4472 --- [restartedMain] com.zaxxer.hikari.HikariDataSource       : HikariPool-1 - Starting...
2022-11-29 11:11:51.891  INFO 4472 --- [restartedMain] com.zaxxer.hikari.HikariDataSource       : HikariPool-1 - Start completed.
2022-11-29 11:11:51.947  INFO 4472 --- [restartedMain] org.hibernate.dialect.Dialect            : HHH000400: Using dialect: org.hibernate.dialect.PostgreSQL95Dialect
2022-11-29 11:11:53.032  INFO 4472 --- [restartedMain] o.h.e.t.j.p.i.JtaPlatformInitiator       : HHH000490: Using JtaPlatform implementation: [org.hibernate.engine.transaction.jta.platform.internal.NoJtaPlatform]
2022-11-29 11:11:53.049  INFO 4472 --- [restartedMain] j.LocalContainerEntityManagerFactoryBean : Initialized JPA EntityManagerFactory for persistence unit 'default'
2022-11-29 11:11:53.734  WARN 4472 --- [restartedMain] JpaBaseConfiguration$JpaWebConfiguration : spring.jpa.open-in-view is enabled by default. Therefore, database queries may be performed during view rendering. Explicitly configure spring.jpa.open-in-view to disable this warning
2022-11-29 11:11:54.142  INFO 4472 --- [restartedMain] o.s.b.d.a.OptionalLiveReloadServer       : LiveReload server is running on port 35729
2022-11-29 11:11:54.209  INFO 4472 --- [restartedMain] o.s.b.w.embedded.tomcat.TomcatWebServer  : Tomcat started on port(s): 8095 (http) with context path ''
2022-11-29 11:11:54.224  INFO 4472 --- [restartedMain] c.c.events.EventManagementApplication    : Started EventManagementApplication in 7.024 seconds (JVM running for 8.381)
2022-11-29 11:12:26.586  INFO 4472 --- [File Watcher] rtingClassPathChangeChangedEventListener : Restarting due to 1 class path change (0 additions, 0 deletions, 1 modification)
2022-11-29 11:12:26.611  INFO 4472 --- [Thread-5] o.apache.catalina.core.StandardService   : Stopping service [Tomcat]
2022-11-29 11:12:26.629  INFO 4472 --- [Thread-5] j.LocalContainerEntityManagerFactoryBean : Closing JPA EntityManagerFactory for persistence unit 'default'
2022-11-29 11:12:26.634  INFO 4472 --- [Thread-5] com.zaxxer.hikari.HikariDataSource       : HikariPool-1 - Shutdown initiated...
2022-11-29 11:12:26.657  INFO 4472 --- [Thread-5] com.zaxxer.hikari.HikariDataSource       : HikariPool-1 - Shutdown completed.
2022-11-29 11:12:26.794  INFO 4472 --- [restartedMain] c.c.events.EventManagementApplication    : Starting EventManagementApplication using Java 17.0.4 on LIN83005561 with PID 4472 (C:\Users\hasonti\Desktop\Workspace\EventManagement\EventManagement\target\classes started by hasonti in C:\Users\hasonti\Desktop\Workspace\EventManagement\EventManagement)
2022-11-29 11:12:26.796  INFO 4472 --- [restartedMain] c.c.events.EventManagementApplication    : No active profile set, falling back to 1 default profile: "default"
2022-11-29 11:12:27.237  INFO 4472 --- [restartedMain] .s.d.r.c.RepositoryConfigurationDelegate : Bootstrapping Spring Data JPA repositories in DEFAULT mode.
2022-11-29 11:12:27.290  INFO 4472 --- [restartedMain] .s.d.r.c.RepositoryConfigurationDelegate : Finished Spring Data repository scanning in 53 ms. Found 5 JPA repository interfaces.
2022-11-29 11:12:27.449  INFO 4472 --- [restartedMain] o.s.b.w.embedded.tomcat.TomcatWebServer  : Tomcat initialized with port(s): 8095 (http)
2022-11-29 11:12:27.450  INFO 4472 --- [restartedMain] o.apache.catalina.core.StandardService   : Starting service [Tomcat]
2022-11-29 11:12:27.451  INFO 4472 --- [restartedMain] org.apache.catalina.core.StandardEngine  : Starting Servlet engine: [Apache Tomcat/9.0.68]
2022-11-29 11:12:27.489  INFO 4472 --- [restartedMain] o.a.c.c.C.[Tomcat].[localhost].[/]       : Initializing Spring embedded WebApplicationContext
2022-11-29 11:12:27.490  INFO 4472 --- [restartedMain] w.s.c.ServletWebServerApplicationContext : Root WebApplicationContext: initialization completed in 686 ms
2022-11-29 11:12:27.563  INFO 4472 --- [restartedMain] o.hibernate.jpa.internal.util.LogHelper  : HHH000204: Processing PersistenceUnitInfo [name: default]
2022-11-29 11:12:27.572  INFO 4472 --- [restartedMain] com.zaxxer.hikari.HikariDataSource       : HikariPool-2 - Starting...
2022-11-29 11:12:27.703  INFO 4472 --- [restartedMain] com.zaxxer.hikari.HikariDataSource       : HikariPool-2 - Start completed.
2022-11-29 11:12:27.704  INFO 4472 --- [restartedMain] org.hibernate.dialect.Dialect            : HHH000400: Using dialect: org.hibernate.dialect.PostgreSQL95Dialect
2022-11-29 11:12:27.975  INFO 4472 --- [restartedMain] o.h.e.t.j.p.i.JtaPlatformInitiator       : HHH000490: Using JtaPlatform implementation: [org.hibernate.engine.transaction.jta.platform.internal.NoJtaPlatform]
2022-11-29 11:12:27.975  INFO 4472 --- [restartedMain] j.LocalContainerEntityManagerFactoryBean : Initialized JPA EntityManagerFactory for persistence unit 'default'
2022-11-29 11:12:28.233  WARN 4472 --- [restartedMain] JpaBaseConfiguration$JpaWebConfiguration : spring.jpa.open-in-view is enabled by default. Therefore, database queries may be performed during view rendering. Explicitly configure spring.jpa.open-in-view to disable this warning
2022-11-29 11:12:28.361  INFO 4472 --- [restartedMain] o.s.b.d.a.OptionalLiveReloadServer       : LiveReload server is running on port 35729
2022-11-29 11:12:28.381  INFO 4472 --- [restartedMain] o.s.b.w.embedded.tomcat.TomcatWebServer  : Tomcat started on port(s): 8095 (http) with context path ''
2022-11-29 11:12:28.388  INFO 4472 --- [restartedMain] c.c.events.EventManagementApplication    : Started EventManagementApplication in 1.651 seconds (JVM running for 42.545)
2022-11-29 11:12:28.392  INFO 4472 --- [restartedMain] .ConditionEvaluationDeltaLoggingListener : Condition evaluation unchanged
2022-11-29 11:12:29.807  INFO 4472 --- [File Watcher] rtingClassPathChangeChangedEventListener : Restarting due to 3 class path changes (0 additions, 0 deletions, 3 modifications)
2022-11-29 11:12:29.823  INFO 4472 --- [Thread-7] o.apache.catalina.core.StandardService   : Stopping service [Tomcat]
2022-11-29 11:12:29.831  INFO 4472 --- [Thread-7] j.LocalContainerEntityManagerFactoryBean : Closing JPA EntityManagerFactory for persistence unit 'default'
2022-11-29 11:12:29.832  INFO 4472 --- [Thread-7] com.zaxxer.hikari.HikariDataSource       : HikariPool-2 - Shutdown initiated...
2022-11-29 11:12:29.839  INFO 4472 --- [Thread-7] com.zaxxer.hikari.HikariDataSource       : HikariPool-2 - Shutdown completed.
2022-11-29 11:12:29.973  INFO 4472 --- [restartedMain] c.c.events.EventManagementApplication    : Starting EventManagementApplication using Java 17.0.4 on LIN83005561 with PID 4472 (C:\Users\hasonti\Desktop\Workspace\EventManagement\EventManagement\target\classes started by hasonti in C:\Users\hasonti\Desktop\Workspace\EventManagement\EventManagement)
2022-11-29 11:12:29.973  INFO 4472 --- [restartedMain] c.c.events.EventManagementApplication    : No active profile set, falling back to 1 default profile: "default"
2022-11-29 11:12:30.338  INFO 4472 --- [restartedMain] .s.d.r.c.RepositoryConfigurationDelegate : Bootstrapping Spring Data JPA repositories in DEFAULT mode.
2022-11-29 11:12:30.378  INFO 4472 --- [restartedMain] .s.d.r.c.RepositoryConfigurationDelegate : Finished Spring Data repository scanning in 39 ms. Found 5 JPA repository interfaces.
2022-11-29 11:12:30.513  INFO 4472 --- [restartedMain] o.s.b.w.embedded.tomcat.TomcatWebServer  : Tomcat initialized with port(s): 8095 (http)
2022-11-29 11:12:30.514  INFO 4472 --- [restartedMain] o.apache.catalina.core.StandardService   : Starting service [Tomcat]
2022-11-29 11:12:30.514  INFO 4472 --- [restartedMain] org.apache.catalina.core.StandardEngine  : Starting Servlet engine: [Apache Tomcat/9.0.68]
2022-11-29 11:12:30.546  INFO 4472 --- [restartedMain] o.a.c.c.C.[Tomcat].[localhost].[/]       : Initializing Spring embedded WebApplicationContext
2022-11-29 11:12:30.547  INFO 4472 --- [restartedMain] w.s.c.ServletWebServerApplicationContext : Root WebApplicationContext: initialization completed in 569 ms
2022-11-29 11:12:30.611  INFO 4472 --- [restartedMain] o.hibernate.jpa.internal.util.LogHelper  : HHH000204: Processing PersistenceUnitInfo [name: default]
2022-11-29 11:12:30.619  INFO 4472 --- [restartedMain] com.zaxxer.hikari.HikariDataSource       : HikariPool-3 - Starting...
2022-11-29 11:12:30.736  INFO 4472 --- [restartedMain] com.zaxxer.hikari.HikariDataSource       : HikariPool-3 - Start completed.
2022-11-29 11:12:30.737  INFO 4472 --- [restartedMain] org.hibernate.dialect.Dialect            : HHH000400: Using dialect: org.hibernate.dialect.PostgreSQL95Dialect
2022-11-29 11:12:31.026  INFO 4472 --- [restartedMain] o.h.e.t.j.p.i.JtaPlatformInitiator       : HHH000490: Using JtaPlatform implementation: [org.hibernate.engine.transaction.jta.platform.internal.NoJtaPlatform]
2022-11-29 11:12:31.028  INFO 4472 --- [restartedMain] j.LocalContainerEntityManagerFactoryBean : Initialized JPA EntityManagerFactory for persistence unit 'default'
2022-11-29 11:12:31.243  WARN 4472 --- [restartedMain] JpaBaseConfiguration$JpaWebConfiguration : spring.jpa.open-in-view is enabled by default. Therefore, database queries may be performed during view rendering. Explicitly configure spring.jpa.open-in-view to disable this warning
2022-11-29 11:12:31.381  INFO 4472 --- [restartedMain] o.s.b.d.a.OptionalLiveReloadServer       : LiveReload server is running on port 35729
2022-11-29 11:12:31.403  INFO 4472 --- [restartedMain] o.s.b.w.embedded.tomcat.TomcatWebServer  : Tomcat started on port(s): 8095 (http) with context path ''
2022-11-29 11:12:31.409  INFO 4472 --- [restartedMain] c.c.events.EventManagementApplication    : Started EventManagementApplication in 1.491 seconds (JVM running for 45.565)
2022-11-29 11:12:31.411  INFO 4472 --- [restartedMain] .ConditionEvaluationDeltaLoggingListener : Condition evaluation unchanged
2022-11-29 11:12:43.153  INFO 4472 --- [File Watcher] rtingClassPathChangeChangedEventListener : Restarting due to 1 class path change (0 additions, 0 deletions, 1 modification)
2022-11-29 11:12:43.174  INFO 4472 --- [Thread-11] o.apache.catalina.core.StandardService   : Stopping service [Tomcat]
2022-11-29 11:12:43.182  INFO 4472 --- [Thread-11] j.LocalContainerEntityManagerFactoryBean : Closing JPA EntityManagerFactory for persistence unit 'default'
2022-11-29 11:12:43.183  INFO 4472 --- [Thread-11] com.zaxxer.hikari.HikariDataSource       : HikariPool-3 - Shutdown initiated...
2022-11-29 11:12:43.189  INFO 4472 --- [Thread-11] com.zaxxer.hikari.HikariDataSource       : HikariPool-3 - Shutdown completed.
2022-11-29 11:12:43.322  INFO 4472 --- [restartedMain] c.c.events.EventManagementApplication    : Starting EventManagementApplication using Java 17.0.4 on LIN83005561 with PID 4472 (C:\Users\hasonti\Desktop\Workspace\EventManagement\EventManagement\target\classes started by hasonti in C:\Users\hasonti\Desktop\Workspace\EventManagement\EventManagement)
2022-11-29 11:12:43.322  INFO 4472 --- [restartedMain] c.c.events.EventManagementApplication    : No active profile set, falling back to 1 default profile: "default"
2022-11-29 11:12:43.630  INFO 4472 --- [restartedMain] .s.d.r.c.RepositoryConfigurationDelegate : Bootstrapping Spring Data JPA repositories in DEFAULT mode.
2022-11-29 11:12:43.675  INFO 4472 --- [restartedMain] .s.d.r.c.RepositoryConfigurationDelegate : Finished Spring Data repository scanning in 44 ms. Found 5 JPA repository interfaces.
2022-11-29 11:12:43.801  INFO 4472 --- [restartedMain] o.s.b.w.embedded.tomcat.TomcatWebServer  : Tomcat initialized with port(s): 8095 (http)
2022-11-29 11:12:43.802  INFO 4472 --- [restartedMain] o.apache.catalina.core.StandardService   : Starting service [Tomcat]
2022-11-29 11:12:43.803  INFO 4472 --- [restartedMain] org.apache.catalina.core.StandardEngine  : Starting Servlet engine: [Apache Tomcat/9.0.68]
2022-11-29 11:12:43.829  INFO 4472 --- [restartedMain] o.a.c.c.C.[Tomcat].[localhost].[/]       : Initializing Spring embedded WebApplicationContext
2022-11-29 11:12:43.830  INFO 4472 --- [restartedMain] w.s.c.ServletWebServerApplicationContext : Root WebApplicationContext: initialization completed in 505 ms
2022-11-29 11:12:43.882  INFO 4472 --- [restartedMain] o.hibernate.jpa.internal.util.LogHelper  : HHH000204: Processing PersistenceUnitInfo [name: default]
2022-11-29 11:12:43.889  INFO 4472 --- [restartedMain] com.zaxxer.hikari.HikariDataSource       : HikariPool-4 - Starting...
2022-11-29 11:12:44.096  INFO 4472 --- [restartedMain] com.zaxxer.hikari.HikariDataSource       : HikariPool-4 - Start completed.
2022-11-29 11:12:44.097  INFO 4472 --- [restartedMain] org.hibernate.dialect.Dialect            : HHH000400: Using dialect: org.hibernate.dialect.PostgreSQL95Dialect
2022-11-29 11:12:44.334  INFO 4472 --- [restartedMain] o.h.e.t.j.p.i.JtaPlatformInitiator       : HHH000490: Using JtaPlatform implementation: [org.hibernate.engine.transaction.jta.platform.internal.NoJtaPlatform]
2022-11-29 11:12:44.335  INFO 4472 --- [restartedMain] j.LocalContainerEntityManagerFactoryBean : Initialized JPA EntityManagerFactory for persistence unit 'default'
2022-11-29 11:12:44.557  WARN 4472 --- [restartedMain] JpaBaseConfiguration$JpaWebConfiguration : spring.jpa.open-in-view is enabled by default. Therefore, database queries may be performed during view rendering. Explicitly configure spring.jpa.open-in-view to disable this warning
2022-11-29 11:12:44.668  INFO 4472 --- [restartedMain] o.s.b.d.a.OptionalLiveReloadServer       : LiveReload server is running on port 35729
2022-11-29 11:12:44.687  INFO 4472 --- [restartedMain] o.s.b.w.embedded.tomcat.TomcatWebServer  : Tomcat started on port(s): 8095 (http) with context path ''
2022-11-29 11:12:44.695  INFO 4472 --- [restartedMain] c.c.events.EventManagementApplication    : Started EventManagementApplication in 1.423 seconds (JVM running for 58.852)
2022-11-29 11:12:44.697  INFO 4472 --- [restartedMain] .ConditionEvaluationDeltaLoggingListener : Condition evaluation unchanged
2022-11-29 11:12:53.353  INFO 4472 --- [File Watcher] rtingClassPathChangeChangedEventListener : Restarting due to 1 class path change (0 additions, 0 deletions, 1 modification)
2022-11-29 11:12:53.367  INFO 4472 --- [Thread-15] o.apache.catalina.core.StandardService   : Stopping service [Tomcat]
2022-11-29 11:12:53.372  INFO 4472 --- [Thread-15] j.LocalContainerEntityManagerFactoryBean : Closing JPA EntityManagerFactory for persistence unit 'default'
2022-11-29 11:12:53.373  INFO 4472 --- [Thread-15] com.zaxxer.hikari.HikariDataSource       : HikariPool-4 - Shutdown initiated...
2022-11-29 11:12:53.376  INFO 4472 --- [Thread-15] com.zaxxer.hikari.HikariDataSource       : HikariPool-4 - Shutdown completed.
2022-11-29 11:12:53.468  INFO 4472 --- [restartedMain] c.c.events.EventManagementApplication    : Starting EventManagementApplication using Java 17.0.4 on LIN83005561 with PID 4472 (C:\Users\hasonti\Desktop\Workspace\EventManagement\EventManagement\target\classes started by hasonti in C:\Users\hasonti\Desktop\Workspace\EventManagement\EventManagement)
2022-11-29 11:12:53.469  INFO 4472 --- [restartedMain] c.c.events.EventManagementApplication    : No active profile set, falling back to 1 default profile: "default"
2022-11-29 11:12:53.724  INFO 4472 --- [restartedMain] .s.d.r.c.RepositoryConfigurationDelegate : Bootstrapping Spring Data JPA repositories in DEFAULT mode.
2022-11-29 11:12:53.755  INFO 4472 --- [restartedMain] .s.d.r.c.RepositoryConfigurationDelegate : Finished Spring Data repository scanning in 31 ms. Found 5 JPA repository interfaces.
2022-11-29 11:12:53.869  INFO 4472 --- [restartedMain] o.s.b.w.embedded.tomcat.TomcatWebServer  : Tomcat initialized with port(s): 8095 (http)
2022-11-29 11:12:53.870  INFO 4472 --- [restartedMain] o.apache.catalina.core.StandardService   : Starting service [Tomcat]
2022-11-29 11:12:53.870  INFO 4472 --- [restartedMain] org.apache.catalina.core.StandardEngine  : Starting Servlet engine: [Apache Tomcat/9.0.68]
2022-11-29 11:12:53.895  INFO 4472 --- [restartedMain] o.a.c.c.C.[Tomcat].[localhost].[/]       : Initializing Spring embedded WebApplicationContext
2022-11-29 11:12:53.895  INFO 4472 --- [restartedMain] w.s.c.ServletWebServerApplicationContext : Root WebApplicationContext: initialization completed in 424 ms
2022-11-29 11:12:53.943  INFO 4472 --- [restartedMain] o.hibernate.jpa.internal.util.LogHelper  : HHH000204: Processing PersistenceUnitInfo [name: default]
2022-11-29 11:12:53.949  INFO 4472 --- [restartedMain] com.zaxxer.hikari.HikariDataSource       : HikariPool-5 - Starting...
2022-11-29 11:12:54.058  INFO 4472 --- [restartedMain] com.zaxxer.hikari.HikariDataSource       : HikariPool-5 - Start completed.
2022-11-29 11:12:54.059  INFO 4472 --- [restartedMain] org.hibernate.dialect.Dialect            : HHH000400: Using dialect: org.hibernate.dialect.PostgreSQL95Dialect
2022-11-29 11:12:54.275  INFO 4472 --- [restartedMain] o.h.e.t.j.p.i.JtaPlatformInitiator       : HHH000490: Using JtaPlatform implementation: [org.hibernate.engine.transaction.jta.platform.internal.NoJtaPlatform]
2022-11-29 11:12:54.276  INFO 4472 --- [restartedMain] j.LocalContainerEntityManagerFactoryBean : Initialized JPA EntityManagerFactory for persistence unit 'default'
2022-11-29 11:12:54.487  WARN 4472 --- [restartedMain] JpaBaseConfiguration$JpaWebConfiguration : spring.jpa.open-in-view is enabled by default. Therefore, database queries may be performed during view rendering. Explicitly configure spring.jpa.open-in-view to disable this warning
2022-11-29 11:12:54.605  INFO 4472 --- [restartedMain] o.s.b.d.a.OptionalLiveReloadServer       : LiveReload server is running on port 35729
2022-11-29 11:12:54.630  INFO 4472 --- [restartedMain] o.s.b.w.embedded.tomcat.TomcatWebServer  : Tomcat started on port(s): 8095 (http) with context path ''
2022-11-29 11:12:54.639  INFO 4472 --- [restartedMain] c.c.events.EventManagementApplication    : Started EventManagementApplication in 1.205 seconds (JVM running for 68.795)
2022-11-29 11:12:54.647  INFO 4472 --- [restartedMain] .ConditionEvaluationDeltaLoggingListener : Condition evaluation unchanged
2022-11-29 11:13:19.831  INFO 4472 --- [File Watcher] rtingClassPathChangeChangedEventListener : Restarting due to 1 class path change (0 additions, 0 deletions, 1 modification)
2022-11-29 11:13:19.846  INFO 4472 --- [Thread-19] o.apache.catalina.core.StandardService   : Stopping service [Tomcat]
2022-11-29 11:13:19.852  INFO 4472 --- [Thread-19] j.LocalContainerEntityManagerFactoryBean : Closing JPA EntityManagerFactory for persistence unit 'default'
2022-11-29 11:13:19.853  INFO 4472 --- [Thread-19] com.zaxxer.hikari.HikariDataSource       : HikariPool-5 - Shutdown initiated...
2022-11-29 11:13:19.858  INFO 4472 --- [Thread-19] com.zaxxer.hikari.HikariDataSource       : HikariPool-5 - Shutdown completed.
2022-11-29 11:13:19.961  INFO 4472 --- [restartedMain] c.c.events.EventManagementApplication    : Starting EventManagementApplication using Java 17.0.4 on LIN83005561 with PID 4472 (C:\Users\hasonti\Desktop\Workspace\EventManagement\EventManagement\target\classes started by hasonti in C:\Users\hasonti\Desktop\Workspace\EventManagement\EventManagement)
2022-11-29 11:13:19.962  INFO 4472 --- [restartedMain] c.c.events.EventManagementApplication    : No active profile set, falling back to 1 default profile: "default"
2022-11-29 11:13:20.240  INFO 4472 --- [restartedMain] .s.d.r.c.RepositoryConfigurationDelegate : Bootstrapping Spring Data JPA repositories in DEFAULT mode.
2022-11-29 11:13:20.278  INFO 4472 --- [restartedMain] .s.d.r.c.RepositoryConfigurationDelegate : Finished Spring Data repository scanning in 37 ms. Found 5 JPA repository interfaces.
2022-11-29 11:13:20.385  INFO 4472 --- [restartedMain] o.s.b.w.embedded.tomcat.TomcatWebServer  : Tomcat initialized with port(s): 8095 (http)
2022-11-29 11:13:20.386  INFO 4472 --- [restartedMain] o.apache.catalina.core.StandardService   : Starting service [Tomcat]
2022-11-29 11:13:20.386  INFO 4472 --- [restartedMain] org.apache.catalina.core.StandardEngine  : Starting Servlet engine: [Apache Tomcat/9.0.68]
2022-11-29 11:13:20.410  INFO 4472 --- [restartedMain] o.a.c.c.C.[Tomcat].[localhost].[/]       : Initializing Spring embedded WebApplicationContext
2022-11-29 11:13:20.410  INFO 4472 --- [restartedMain] w.s.c.ServletWebServerApplicationContext : Root WebApplicationContext: initialization completed in 445 ms
2022-11-29 11:13:20.455  INFO 4472 --- [restartedMain] o.hibernate.jpa.internal.util.LogHelper  : HHH000204: Processing PersistenceUnitInfo [name: default]
2022-11-29 11:13:20.461  INFO 4472 --- [restartedMain] com.zaxxer.hikari.HikariDataSource       : HikariPool-6 - Starting...
2022-11-29 11:13:20.580  INFO 4472 --- [restartedMain] com.zaxxer.hikari.HikariDataSource       : HikariPool-6 - Start completed.
2022-11-29 11:13:20.580  INFO 4472 --- [restartedMain] org.hibernate.dialect.Dialect            : HHH000400: Using dialect: org.hibernate.dialect.PostgreSQL95Dialect
2022-11-29 11:13:20.793  INFO 4472 --- [restartedMain] o.h.e.t.j.p.i.JtaPlatformInitiator       : HHH000490: Using JtaPlatform implementation: [org.hibernate.engine.transaction.jta.platform.internal.NoJtaPlatform]
2022-11-29 11:13:20.794  INFO 4472 --- [restartedMain] j.LocalContainerEntityManagerFactoryBean : Initialized JPA EntityManagerFactory for persistence unit 'default'
2022-11-29 11:13:21.024  WARN 4472 --- [restartedMain] JpaBaseConfiguration$JpaWebConfiguration : spring.jpa.open-in-view is enabled by default. Therefore, database queries may be performed during view rendering. Explicitly configure spring.jpa.open-in-view to disable this warning
2022-11-29 11:13:21.145  INFO 4472 --- [restartedMain] o.s.b.d.a.OptionalLiveReloadServer       : LiveReload server is running on port 35729
2022-11-29 11:13:21.166  INFO 4472 --- [restartedMain] o.s.b.w.embedded.tomcat.TomcatWebServer  : Tomcat started on port(s): 8095 (http) with context path ''
2022-11-29 11:13:21.174  INFO 4472 --- [restartedMain] c.c.events.EventManagementApplication    : Started EventManagementApplication in 1.253 seconds (JVM running for 95.329)
2022-11-29 11:13:21.177  INFO 4472 --- [restartedMain] .ConditionEvaluationDeltaLoggingListener : Condition evaluation unchanged
2022-11-29 11:13:35.064  INFO 4472 --- [File Watcher] rtingClassPathChangeChangedEventListener : Restarting due to 1 class path change (0 additions, 0 deletions, 1 modification)
2022-11-29 11:13:35.079  INFO 4472 --- [Thread-23] o.apache.catalina.core.StandardService   : Stopping service [Tomcat]
2022-11-29 11:13:35.085  INFO 4472 --- [Thread-23] j.LocalContainerEntityManagerFactoryBean : Closing JPA EntityManagerFactory for persistence unit 'default'
2022-11-29 11:13:35.086  INFO 4472 --- [Thread-23] com.zaxxer.hikari.HikariDataSource       : HikariPool-6 - Shutdown initiated...
2022-11-29 11:13:35.095  INFO 4472 --- [Thread-23] com.zaxxer.hikari.HikariDataSource       : HikariPool-6 - Shutdown completed.
2022-11-29 11:13:35.206  INFO 4472 --- [restartedMain] c.c.events.EventManagementApplication    : Starting EventManagementApplication using Java 17.0.4 on LIN83005561 with PID 4472 (C:\Users\hasonti\Desktop\Workspace\EventManagement\EventManagement\target\classes started by hasonti in C:\Users\hasonti\Desktop\Workspace\EventManagement\EventManagement)
2022-11-29 11:13:35.206  INFO 4472 --- [restartedMain] c.c.events.EventManagementApplication    : No active profile set, falling back to 1 default profile: "default"
2022-11-29 11:13:35.454  INFO 4472 --- [restartedMain] .s.d.r.c.RepositoryConfigurationDelegate : Bootstrapping Spring Data JPA repositories in DEFAULT mode.
2022-11-29 11:13:35.481  INFO 4472 --- [restartedMain] .s.d.r.c.RepositoryConfigurationDelegate : Finished Spring Data repository scanning in 27 ms. Found 5 JPA repository interfaces.
2022-11-29 11:13:35.569  INFO 4472 --- [restartedMain] o.s.b.w.embedded.tomcat.TomcatWebServer  : Tomcat initialized with port(s): 8095 (http)
2022-11-29 11:13:35.570  INFO 4472 --- [restartedMain] o.apache.catalina.core.StandardService   : Starting service [Tomcat]
2022-11-29 11:13:35.570  INFO 4472 --- [restartedMain] org.apache.catalina.core.StandardEngine  : Starting Servlet engine: [Apache Tomcat/9.0.68]
2022-11-29 11:13:35.597  INFO 4472 --- [restartedMain] o.a.c.c.C.[Tomcat].[localhost].[/]       : Initializing Spring embedded WebApplicationContext
2022-11-29 11:13:35.597  INFO 4472 --- [restartedMain] w.s.c.ServletWebServerApplicationContext : Root WebApplicationContext: initialization completed in 388 ms
2022-11-29 11:13:35.639  INFO 4472 --- [restartedMain] o.hibernate.jpa.internal.util.LogHelper  : HHH000204: Processing PersistenceUnitInfo [name: default]
2022-11-29 11:13:35.646  INFO 4472 --- [restartedMain] com.zaxxer.hikari.HikariDataSource       : HikariPool-7 - Starting...
2022-11-29 11:13:35.772  INFO 4472 --- [restartedMain] com.zaxxer.hikari.HikariDataSource       : HikariPool-7 - Start completed.
2022-11-29 11:13:35.772  INFO 4472 --- [restartedMain] org.hibernate.dialect.Dialect            : HHH000400: Using dialect: org.hibernate.dialect.PostgreSQL95Dialect
2022-11-29 11:13:35.977  INFO 4472 --- [restartedMain] o.h.e.t.j.p.i.JtaPlatformInitiator       : HHH000490: Using JtaPlatform implementation: [org.hibernate.engine.transaction.jta.platform.internal.NoJtaPlatform]
2022-11-29 11:13:35.978  INFO 4472 --- [restartedMain] j.LocalContainerEntityManagerFactoryBean : Initialized JPA EntityManagerFactory for persistence unit 'default'
2022-11-29 11:13:36.193  WARN 4472 --- [restartedMain] JpaBaseConfiguration$JpaWebConfiguration : spring.jpa.open-in-view is enabled by default. Therefore, database queries may be performed during view rendering. Explicitly configure spring.jpa.open-in-view to disable this warning
2022-11-29 11:13:36.326  INFO 4472 --- [restartedMain] o.s.b.d.a.OptionalLiveReloadServer       : LiveReload server is running on port 35729
2022-11-29 11:13:36.344  INFO 4472 --- [restartedMain] o.s.b.w.embedded.tomcat.TomcatWebServer  : Tomcat started on port(s): 8095 (http) with context path ''
2022-11-29 11:13:36.351  INFO 4472 --- [restartedMain] c.c.events.EventManagementApplication    : Started EventManagementApplication in 1.183 seconds (JVM running for 110.506)
2022-11-29 11:13:36.353  INFO 4472 --- [restartedMain] .ConditionEvaluationDeltaLoggingListener : Condition evaluation unchanged
2022-11-29 11:13:51.304  INFO 4472 --- [File Watcher] rtingClassPathChangeChangedEventListener : Restarting due to 1 class path change (0 additions, 0 deletions, 1 modification)
2022-11-29 11:13:51.318  INFO 4472 --- [Thread-27] o.apache.catalina.core.StandardService   : Stopping service [Tomcat]
2022-11-29 11:13:51.323  INFO 4472 --- [Thread-27] j.LocalContainerEntityManagerFactoryBean : Closing JPA EntityManagerFactory for persistence unit 'default'
2022-11-29 11:13:51.323  INFO 4472 --- [Thread-27] com.zaxxer.hikari.HikariDataSource       : HikariPool-7 - Shutdown initiated...
2022-11-29 11:13:51.326  INFO 4472 --- [Thread-27] com.zaxxer.hikari.HikariDataSource       : HikariPool-7 - Shutdown completed.
2022-11-29 11:13:51.419  INFO 4472 --- [restartedMain] c.c.events.EventManagementApplication    : Starting EventManagementApplication using Java 17.0.4 on LIN83005561 with PID 4472 (C:\Users\hasonti\Desktop\Workspace\EventManagement\EventManagement\target\classes started by hasonti in C:\Users\hasonti\Desktop\Workspace\EventManagement\EventManagement)
2022-11-29 11:13:51.420  INFO 4472 --- [restartedMain] c.c.events.EventManagementApplication    : No active profile set, falling back to 1 default profile: "default"
2022-11-29 11:13:51.640  INFO 4472 --- [restartedMain] .s.d.r.c.RepositoryConfigurationDelegate : Bootstrapping Spring Data JPA repositories in DEFAULT mode.
2022-11-29 11:13:51.678  INFO 4472 --- [restartedMain] .s.d.r.c.RepositoryConfigurationDelegate : Finished Spring Data repository scanning in 37 ms. Found 5 JPA repository interfaces.
2022-11-29 11:13:51.803  INFO 4472 --- [restartedMain] o.s.b.w.embedded.tomcat.TomcatWebServer  : Tomcat initialized with port(s): 8095 (http)
2022-11-29 11:13:51.804  INFO 4472 --- [restartedMain] o.apache.catalina.core.StandardService   : Starting service [Tomcat]
2022-11-29 11:13:51.804  INFO 4472 --- [restartedMain] org.apache.catalina.core.StandardEngine  : Starting Servlet engine: [Apache Tomcat/9.0.68]
2022-11-29 11:13:51.831  INFO 4472 --- [restartedMain] o.a.c.c.C.[Tomcat].[localhost].[/]       : Initializing Spring embedded WebApplicationContext
2022-11-29 11:13:51.831  INFO 4472 --- [restartedMain] w.s.c.ServletWebServerApplicationContext : Root WebApplicationContext: initialization completed in 408 ms
2022-11-29 11:13:51.874  INFO 4472 --- [restartedMain] o.hibernate.jpa.internal.util.LogHelper  : HHH000204: Processing PersistenceUnitInfo [name: default]
2022-11-29 11:13:51.880  INFO 4472 --- [restartedMain] com.zaxxer.hikari.HikariDataSource       : HikariPool-8 - Starting...
2022-11-29 11:13:51.990  INFO 4472 --- [restartedMain] com.zaxxer.hikari.HikariDataSource       : HikariPool-8 - Start completed.
2022-11-29 11:13:51.991  INFO 4472 --- [restartedMain] org.hibernate.dialect.Dialect            : HHH000400: Using dialect: org.hibernate.dialect.PostgreSQL95Dialect
2022-11-29 11:13:52.179  INFO 4472 --- [restartedMain] o.h.e.t.j.p.i.JtaPlatformInitiator       : HHH000490: Using JtaPlatform implementation: [org.hibernate.engine.transaction.jta.platform.internal.NoJtaPlatform]
2022-11-29 11:13:52.180  INFO 4472 --- [restartedMain] j.LocalContainerEntityManagerFactoryBean : Initialized JPA EntityManagerFactory for persistence unit 'default'
2022-11-29 11:13:52.386  WARN 4472 --- [restartedMain] JpaBaseConfiguration$JpaWebConfiguration : spring.jpa.open-in-view is enabled by default. Therefore, database queries may be performed during view rendering. Explicitly configure spring.jpa.open-in-view to disable this warning
2022-11-29 11:13:52.513  INFO 4472 --- [restartedMain] o.s.b.d.a.OptionalLiveReloadServer       : LiveReload server is running on port 35729
2022-11-29 11:13:52.534  INFO 4472 --- [restartedMain] o.s.b.w.embedded.tomcat.TomcatWebServer  : Tomcat started on port(s): 8095 (http) with context path ''
2022-11-29 11:13:52.542  INFO 4472 --- [restartedMain] c.c.events.EventManagementApplication    : Started EventManagementApplication in 1.156 seconds (JVM running for 126.697)
2022-11-29 11:13:52.545  INFO 4472 --- [restartedMain] .ConditionEvaluationDeltaLoggingListener : Condition evaluation unchanged
2022-11-29 11:14:05.144  INFO 4472 --- [File Watcher] rtingClassPathChangeChangedEventListener : Restarting due to 1 class path change (0 additions, 0 deletions, 1 modification)
2022-11-29 11:14:05.158  INFO 4472 --- [Thread-31] o.apache.catalina.core.StandardService   : Stopping service [Tomcat]
2022-11-29 11:14:05.162  INFO 4472 --- [Thread-31] j.LocalContainerEntityManagerFactoryBean : Closing JPA EntityManagerFactory for persistence unit 'default'
2022-11-29 11:14:05.163  INFO 4472 --- [Thread-31] com.zaxxer.hikari.HikariDataSource       : HikariPool-8 - Shutdown initiated...
2022-11-29 11:14:05.166  INFO 4472 --- [Thread-31] com.zaxxer.hikari.HikariDataSource       : HikariPool-8 - Shutdown completed.
2022-11-29 11:14:05.262  INFO 4472 --- [restartedMain] c.c.events.EventManagementApplication    : Starting EventManagementApplication using Java 17.0.4 on LIN83005561 with PID 4472 (C:\Users\hasonti\Desktop\Workspace\EventManagement\EventManagement\target\classes started by hasonti in C:\Users\hasonti\Desktop\Workspace\EventManagement\EventManagement)
2022-11-29 11:14:05.263  INFO 4472 --- [restartedMain] c.c.events.EventManagementApplication    : No active profile set, falling back to 1 default profile: "default"
2022-11-29 11:14:05.523  INFO 4472 --- [restartedMain] .s.d.r.c.RepositoryConfigurationDelegate : Bootstrapping Spring Data JPA repositories in DEFAULT mode.
2022-11-29 11:14:05.559  INFO 4472 --- [restartedMain] .s.d.r.c.RepositoryConfigurationDelegate : Finished Spring Data repository scanning in 35 ms. Found 5 JPA repository interfaces.
2022-11-29 11:14:05.649  INFO 4472 --- [restartedMain] o.s.b.w.embedded.tomcat.TomcatWebServer  : Tomcat initialized with port(s): 8095 (http)
2022-11-29 11:14:05.650  INFO 4472 --- [restartedMain] o.apache.catalina.core.StandardService   : Starting service [Tomcat]
2022-11-29 11:14:05.651  INFO 4472 --- [restartedMain] org.apache.catalina.core.StandardEngine  : Starting Servlet engine: [Apache Tomcat/9.0.68]
2022-11-29 11:14:05.674  INFO 4472 --- [restartedMain] o.a.c.c.C.[Tomcat].[localhost].[/]       : Initializing Spring embedded WebApplicationContext
2022-11-29 11:14:05.674  INFO 4472 --- [restartedMain] w.s.c.ServletWebServerApplicationContext : Root WebApplicationContext: initialization completed in 408 ms
2022-11-29 11:14:05.714  INFO 4472 --- [restartedMain] o.hibernate.jpa.internal.util.LogHelper  : HHH000204: Processing PersistenceUnitInfo [name: default]
2022-11-29 11:14:05.721  INFO 4472 --- [restartedMain] com.zaxxer.hikari.HikariDataSource       : HikariPool-9 - Starting...
2022-11-29 11:14:05.837  INFO 4472 --- [restartedMain] com.zaxxer.hikari.HikariDataSource       : HikariPool-9 - Start completed.
2022-11-29 11:14:05.838  INFO 4472 --- [restartedMain] org.hibernate.dialect.Dialect            : HHH000400: Using dialect: org.hibernate.dialect.PostgreSQL95Dialect
2022-11-29 11:14:06.075  INFO 4472 --- [restartedMain] o.h.e.t.j.p.i.JtaPlatformInitiator       : HHH000490: Using JtaPlatform implementation: [org.hibernate.engine.transaction.jta.platform.internal.NoJtaPlatform]
2022-11-29 11:14:06.075  INFO 4472 --- [restartedMain] j.LocalContainerEntityManagerFactoryBean : Initialized JPA EntityManagerFactory for persistence unit 'default'
2022-11-29 11:14:06.275  WARN 4472 --- [restartedMain] JpaBaseConfiguration$JpaWebConfiguration : spring.jpa.open-in-view is enabled by default. Therefore, database queries may be performed during view rendering. Explicitly configure spring.jpa.open-in-view to disable this warning
2022-11-29 11:14:06.389  INFO 4472 --- [restartedMain] o.s.b.d.a.OptionalLiveReloadServer       : LiveReload server is running on port 35729
2022-11-29 11:14:06.406  INFO 4472 --- [restartedMain] o.s.b.w.embedded.tomcat.TomcatWebServer  : Tomcat started on port(s): 8095 (http) with context path ''
2022-11-29 11:14:06.412  INFO 4472 --- [restartedMain] c.c.events.EventManagementApplication    : Started EventManagementApplication in 1.182 seconds (JVM running for 140.568)
2022-11-29 11:14:06.417  INFO 4472 --- [restartedMain] .ConditionEvaluationDeltaLoggingListener : Condition evaluation unchanged
2022-11-29 11:14:23.060  INFO 4472 --- [File Watcher] rtingClassPathChangeChangedEventListener : Restarting due to 1 class path change (0 additions, 0 deletions, 1 modification)
2022-11-29 11:14:23.074  INFO 4472 --- [Thread-35] o.apache.catalina.core.StandardService   : Stopping service [Tomcat]
2022-11-29 11:14:23.079  INFO 4472 --- [Thread-35] j.LocalContainerEntityManagerFactoryBean : Closing JPA EntityManagerFactory for persistence unit 'default'
2022-11-29 11:14:23.080  INFO 4472 --- [Thread-35] com.zaxxer.hikari.HikariDataSource       : HikariPool-9 - Shutdown initiated...
2022-11-29 11:14:23.083  INFO 4472 --- [Thread-35] com.zaxxer.hikari.HikariDataSource       : HikariPool-9 - Shutdown completed.
2022-11-29 11:14:23.183  INFO 4472 --- [restartedMain] c.c.events.EventManagementApplication    : Starting EventManagementApplication using Java 17.0.4 on LIN83005561 with PID 4472 (C:\Users\hasonti\Desktop\Workspace\EventManagement\EventManagement\target\classes started by hasonti in C:\Users\hasonti\Desktop\Workspace\EventManagement\EventManagement)
2022-11-29 11:14:23.183  INFO 4472 --- [restartedMain] c.c.events.EventManagementApplication    : No active profile set, falling back to 1 default profile: "default"
2022-11-29 11:14:23.429  INFO 4472 --- [restartedMain] .s.d.r.c.RepositoryConfigurationDelegate : Bootstrapping Spring Data JPA repositories in DEFAULT mode.
2022-11-29 11:14:23.472  INFO 4472 --- [restartedMain] .s.d.r.c.RepositoryConfigurationDelegate : Finished Spring Data repository scanning in 42 ms. Found 5 JPA repository interfaces.
2022-11-29 11:14:23.566  INFO 4472 --- [restartedMain] o.s.b.w.embedded.tomcat.TomcatWebServer  : Tomcat initialized with port(s): 8095 (http)
2022-11-29 11:14:23.566  INFO 4472 --- [restartedMain] o.apache.catalina.core.StandardService   : Starting service [Tomcat]
2022-11-29 11:14:23.567  INFO 4472 --- [restartedMain] org.apache.catalina.core.StandardEngine  : Starting Servlet engine: [Apache Tomcat/9.0.68]
2022-11-29 11:14:23.593  INFO 4472 --- [restartedMain] o.a.c.c.C.[Tomcat].[localhost].[/]       : Initializing Spring embedded WebApplicationContext
2022-11-29 11:14:23.593  INFO 4472 --- [restartedMain] w.s.c.ServletWebServerApplicationContext : Root WebApplicationContext: initialization completed in 407 ms
2022-11-29 11:14:23.635  INFO 4472 --- [restartedMain] o.hibernate.jpa.internal.util.LogHelper  : HHH000204: Processing PersistenceUnitInfo [name: default]
2022-11-29 11:14:23.641  INFO 4472 --- [restartedMain] com.zaxxer.hikari.HikariDataSource       : HikariPool-10 - Starting...
2022-11-29 11:14:23.746  INFO 4472 --- [restartedMain] com.zaxxer.hikari.HikariDataSource       : HikariPool-10 - Start completed.
2022-11-29 11:14:23.747  INFO 4472 --- [restartedMain] org.hibernate.dialect.Dialect            : HHH000400: Using dialect: org.hibernate.dialect.PostgreSQL95Dialect
2022-11-29 11:14:23.937  INFO 4472 --- [restartedMain] o.h.e.t.j.p.i.JtaPlatformInitiator       : HHH000490: Using JtaPlatform implementation: [org.hibernate.engine.transaction.jta.platform.internal.NoJtaPlatform]
2022-11-29 11:14:23.937  INFO 4472 --- [restartedMain] j.LocalContainerEntityManagerFactoryBean : Initialized JPA EntityManagerFactory for persistence unit 'default'
2022-11-29 11:14:24.125  WARN 4472 --- [restartedMain] JpaBaseConfiguration$JpaWebConfiguration : spring.jpa.open-in-view is enabled by default. Therefore, database queries may be performed during view rendering. Explicitly configure spring.jpa.open-in-view to disable this warning
2022-11-29 11:14:24.289  INFO 4472 --- [restartedMain] o.s.b.d.a.OptionalLiveReloadServer       : LiveReload server is running on port 35729
2022-11-29 11:14:24.309  INFO 4472 --- [restartedMain] o.s.b.w.embedded.tomcat.TomcatWebServer  : Tomcat started on port(s): 8095 (http) with context path ''
2022-11-29 11:14:24.317  INFO 4472 --- [restartedMain] c.c.events.EventManagementApplication    : Started EventManagementApplication in 1.17 seconds (JVM running for 158.472)
2022-11-29 11:14:24.319  INFO 4472 --- [restartedMain] .ConditionEvaluationDeltaLoggingListener : Condition evaluation unchanged
2022-11-29 11:14:37.954  INFO 4472 --- [File Watcher] rtingClassPathChangeChangedEventListener : Restarting due to 1 class path change (0 additions, 0 deletions, 1 modification)
2022-11-29 11:14:37.969  INFO 4472 --- [Thread-39] o.apache.catalina.core.StandardService   : Stopping service [Tomcat]
2022-11-29 11:14:37.975  INFO 4472 --- [Thread-39] j.LocalContainerEntityManagerFactoryBean : Closing JPA EntityManagerFactory for persistence unit 'default'
2022-11-29 11:14:37.976  INFO 4472 --- [Thread-39] com.zaxxer.hikari.HikariDataSource       : HikariPool-10 - Shutdown initiated...
2022-11-29 11:14:37.979  INFO 4472 --- [Thread-39] com.zaxxer.hikari.HikariDataSource       : HikariPool-10 - Shutdown completed.
2022-11-29 11:14:38.074  INFO 4472 --- [restartedMain] c.c.events.EventManagementApplication    : Starting EventManagementApplication using Java 17.0.4 on LIN83005561 with PID 4472 (C:\Users\hasonti\Desktop\Workspace\EventManagement\EventManagement\target\classes started by hasonti in C:\Users\hasonti\Desktop\Workspace\EventManagement\EventManagement)
2022-11-29 11:14:38.075  INFO 4472 --- [restartedMain] c.c.events.EventManagementApplication    : No active profile set, falling back to 1 default profile: "default"
2022-11-29 11:14:38.305  INFO 4472 --- [restartedMain] .s.d.r.c.RepositoryConfigurationDelegate : Bootstrapping Spring Data JPA repositories in DEFAULT mode.
2022-11-29 11:14:38.338  INFO 4472 --- [restartedMain] .s.d.r.c.RepositoryConfigurationDelegate : Finished Spring Data repository scanning in 33 ms. Found 5 JPA repository interfaces.
2022-11-29 11:14:38.439  INFO 4472 --- [restartedMain] o.s.b.w.embedded.tomcat.TomcatWebServer  : Tomcat initialized with port(s): 8095 (http)
2022-11-29 11:14:38.440  INFO 4472 --- [restartedMain] o.apache.catalina.core.StandardService   : Starting service [Tomcat]
2022-11-29 11:14:38.441  INFO 4472 --- [restartedMain] org.apache.catalina.core.StandardEngine  : Starting Servlet engine: [Apache Tomcat/9.0.68]
2022-11-29 11:14:38.466  INFO 4472 --- [restartedMain] o.a.c.c.C.[Tomcat].[localhost].[/]       : Initializing Spring embedded WebApplicationContext
2022-11-29 11:14:38.466  INFO 4472 --- [restartedMain] w.s.c.ServletWebServerApplicationContext : Root WebApplicationContext: initialization completed in 389 ms
2022-11-29 11:14:38.509  INFO 4472 --- [restartedMain] o.hibernate.jpa.internal.util.LogHelper  : HHH000204: Processing PersistenceUnitInfo [name: default]
2022-11-29 11:14:38.515  INFO 4472 --- [restartedMain] com.zaxxer.hikari.HikariDataSource       : HikariPool-11 - Starting...
2022-11-29 11:14:38.626  INFO 4472 --- [restartedMain] com.zaxxer.hikari.HikariDataSource       : HikariPool-11 - Start completed.
2022-11-29 11:14:38.626  INFO 4472 --- [restartedMain] org.hibernate.dialect.Dialect            : HHH000400: Using dialect: org.hibernate.dialect.PostgreSQL95Dialect
2022-11-29 11:14:38.819  INFO 4472 --- [restartedMain] o.h.e.t.j.p.i.JtaPlatformInitiator       : HHH000490: Using JtaPlatform implementation: [org.hibernate.engine.transaction.jta.platform.internal.NoJtaPlatform]
2022-11-29 11:14:38.819  INFO 4472 --- [restartedMain] j.LocalContainerEntityManagerFactoryBean : Initialized JPA EntityManagerFactory for persistence unit 'default'
2022-11-29 11:14:39.026  WARN 4472 --- [restartedMain] JpaBaseConfiguration$JpaWebConfiguration : spring.jpa.open-in-view is enabled by default. Therefore, database queries may be performed during view rendering. Explicitly configure spring.jpa.open-in-view to disable this warning
2022-11-29 11:14:39.132  INFO 4472 --- [restartedMain] o.s.b.d.a.OptionalLiveReloadServer       : LiveReload server is running on port 35729
2022-11-29 11:14:39.150  INFO 4472 --- [restartedMain] o.s.b.w.embedded.tomcat.TomcatWebServer  : Tomcat started on port(s): 8095 (http) with context path ''
2022-11-29 11:14:39.156  INFO 4472 --- [restartedMain] c.c.events.EventManagementApplication    : Started EventManagementApplication in 1.114 seconds (JVM running for 173.311)
2022-11-29 11:14:39.163  INFO 4472 --- [restartedMain] .ConditionEvaluationDeltaLoggingListener : Condition evaluation unchanged
2022-11-29 11:14:54.945  INFO 4472 --- [File Watcher] rtingClassPathChangeChangedEventListener : Restarting due to 1 class path change (0 additions, 0 deletions, 1 modification)
2022-11-29 11:14:54.962  INFO 4472 --- [Thread-43] o.apache.catalina.core.StandardService   : Stopping service [Tomcat]
2022-11-29 11:14:54.966  INFO 4472 --- [Thread-43] j.LocalContainerEntityManagerFactoryBean : Closing JPA EntityManagerFactory for persistence unit 'default'
2022-11-29 11:14:54.967  INFO 4472 --- [Thread-43] com.zaxxer.hikari.HikariDataSource       : HikariPool-11 - Shutdown initiated...
2022-11-29 11:14:54.980  INFO 4472 --- [Thread-43] com.zaxxer.hikari.HikariDataSource       : HikariPool-11 - Shutdown completed.
2022-11-29 11:14:55.087  INFO 4472 --- [restartedMain] c.c.events.EventManagementApplication    : Starting EventManagementApplication using Java 17.0.4 on LIN83005561 with PID 4472 (C:\Users\hasonti\Desktop\Workspace\EventManagement\EventManagement\target\classes started by hasonti in C:\Users\hasonti\Desktop\Workspace\EventManagement\EventManagement)
2022-11-29 11:14:55.088  INFO 4472 --- [restartedMain] c.c.events.EventManagementApplication    : No active profile set, falling back to 1 default profile: "default"
2022-11-29 11:14:55.375  INFO 4472 --- [restartedMain] .s.d.r.c.RepositoryConfigurationDelegate : Bootstrapping Spring Data JPA repositories in DEFAULT mode.
2022-11-29 11:14:55.415  INFO 4472 --- [restartedMain] .s.d.r.c.RepositoryConfigurationDelegate : Finished Spring Data repository scanning in 39 ms. Found 5 JPA repository interfaces.
2022-11-29 11:14:55.526  INFO 4472 --- [restartedMain] o.s.b.w.embedded.tomcat.TomcatWebServer  : Tomcat initialized with port(s): 8095 (http)
2022-11-29 11:14:55.527  INFO 4472 --- [restartedMain] o.apache.catalina.core.StandardService   : Starting service [Tomcat]
2022-11-29 11:14:55.527  INFO 4472 --- [restartedMain] org.apache.catalina.core.StandardEngine  : Starting Servlet engine: [Apache Tomcat/9.0.68]
2022-11-29 11:14:55.551  INFO 4472 --- [restartedMain] o.a.c.c.C.[Tomcat].[localhost].[/]       : Initializing Spring embedded WebApplicationContext
2022-11-29 11:14:55.551  INFO 4472 --- [restartedMain] w.s.c.ServletWebServerApplicationContext : Root WebApplicationContext: initialization completed in 459 ms
2022-11-29 11:14:55.592  INFO 4472 --- [restartedMain] o.hibernate.jpa.internal.util.LogHelper  : HHH000204: Processing PersistenceUnitInfo [name: default]
2022-11-29 11:14:55.598  INFO 4472 --- [restartedMain] com.zaxxer.hikari.HikariDataSource       : HikariPool-12 - Starting...
2022-11-29 11:14:55.719  INFO 4472 --- [restartedMain] com.zaxxer.hikari.HikariDataSource       : HikariPool-12 - Start completed.
2022-11-29 11:14:55.720  INFO 4472 --- [restartedMain] org.hibernate.dialect.Dialect            : HHH000400: Using dialect: org.hibernate.dialect.PostgreSQL95Dialect
2022-11-29 11:14:55.908  INFO 4472 --- [restartedMain] o.h.e.t.j.p.i.JtaPlatformInitiator       : HHH000490: Using JtaPlatform implementation: [org.hibernate.engine.transaction.jta.platform.internal.NoJtaPlatform]
2022-11-29 11:14:55.909  INFO 4472 --- [restartedMain] j.LocalContainerEntityManagerFactoryBean : Initialized JPA EntityManagerFactory for persistence unit 'default'
2022-11-29 11:14:56.103  WARN 4472 --- [restartedMain] JpaBaseConfiguration$JpaWebConfiguration : spring.jpa.open-in-view is enabled by default. Therefore, database queries may be performed during view rendering. Explicitly configure spring.jpa.open-in-view to disable this warning
2022-11-29 11:14:56.211  INFO 4472 --- [restartedMain] o.s.b.d.a.OptionalLiveReloadServer       : LiveReload server is running on port 35729
2022-11-29 11:14:56.234  INFO 4472 --- [restartedMain] o.s.b.w.embedded.tomcat.TomcatWebServer  : Tomcat started on port(s): 8095 (http) with context path ''
2022-11-29 11:14:56.241  INFO 4472 --- [restartedMain] c.c.events.EventManagementApplication    : Started EventManagementApplication in 1.195 seconds (JVM running for 190.396)
2022-11-29 11:14:56.244  INFO 4472 --- [restartedMain] .ConditionEvaluationDeltaLoggingListener : Condition evaluation unchanged
2022-11-29 11:15:08.036  INFO 4472 --- [File Watcher] rtingClassPathChangeChangedEventListener : Restarting due to 1 class path change (0 additions, 0 deletions, 1 modification)
2022-11-29 11:15:08.057  INFO 4472 --- [Thread-47] o.apache.catalina.core.StandardService   : Stopping service [Tomcat]
2022-11-29 11:15:08.065  INFO 4472 --- [Thread-47] j.LocalContainerEntityManagerFactoryBean : Closing JPA EntityManagerFactory for persistence unit 'default'
2022-11-29 11:15:08.066  INFO 4472 --- [Thread-47] com.zaxxer.hikari.HikariDataSource       : HikariPool-12 - Shutdown initiated...
2022-11-29 11:15:08.071  INFO 4472 --- [Thread-47] com.zaxxer.hikari.HikariDataSource       : HikariPool-12 - Shutdown completed.
2022-11-29 11:15:08.174  INFO 4472 --- [restartedMain] c.c.events.EventManagementApplication    : Starting EventManagementApplication using Java 17.0.4 on LIN83005561 with PID 4472 (C:\Users\hasonti\Desktop\Workspace\EventManagement\EventManagement\target\classes started by hasonti in C:\Users\hasonti\Desktop\Workspace\EventManagement\EventManagement)
2022-11-29 11:15:08.174  INFO 4472 --- [restartedMain] c.c.events.EventManagementApplication    : No active profile set, falling back to 1 default profile: "default"
2022-11-29 11:15:08.412  INFO 4472 --- [restartedMain] .s.d.r.c.RepositoryConfigurationDelegate : Bootstrapping Spring Data JPA repositories in DEFAULT mode.
2022-11-29 11:15:08.442  INFO 4472 --- [restartedMain] .s.d.r.c.RepositoryConfigurationDelegate : Finished Spring Data repository scanning in 30 ms. Found 5 JPA repository interfaces.
2022-11-29 11:15:08.558  INFO 4472 --- [restartedMain] o.s.b.w.embedded.tomcat.TomcatWebServer  : Tomcat initialized with port(s): 8095 (http)
2022-11-29 11:15:08.558  INFO 4472 --- [restartedMain] o.apache.catalina.core.StandardService   : Starting service [Tomcat]
2022-11-29 11:15:08.559  INFO 4472 --- [restartedMain] org.apache.catalina.core.StandardEngine  : Starting Servlet engine: [Apache Tomcat/9.0.68]
2022-11-29 11:15:08.585  INFO 4472 --- [restartedMain] o.a.c.c.C.[Tomcat].[localhost].[/]       : Initializing Spring embedded WebApplicationContext
2022-11-29 11:15:08.585  INFO 4472 --- [restartedMain] w.s.c.ServletWebServerApplicationContext : Root WebApplicationContext: initialization completed in 409 ms
2022-11-29 11:15:08.629  INFO 4472 --- [restartedMain] o.hibernate.jpa.internal.util.LogHelper  : HHH000204: Processing PersistenceUnitInfo [name: default]
2022-11-29 11:15:08.635  INFO 4472 --- [restartedMain] com.zaxxer.hikari.HikariDataSource       : HikariPool-13 - Starting...
2022-11-29 11:15:08.748  INFO 4472 --- [restartedMain] com.zaxxer.hikari.HikariDataSource       : HikariPool-13 - Start completed.
2022-11-29 11:15:08.749  INFO 4472 --- [restartedMain] org.hibernate.dialect.Dialect            : HHH000400: Using dialect: org.hibernate.dialect.PostgreSQL95Dialect
2022-11-29 11:15:08.939  INFO 4472 --- [restartedMain] o.h.e.t.j.p.i.JtaPlatformInitiator       : HHH000490: Using JtaPlatform implementation: [org.hibernate.engine.transaction.jta.platform.internal.NoJtaPlatform]
2022-11-29 11:15:08.939  INFO 4472 --- [restartedMain] j.LocalContainerEntityManagerFactoryBean : Initialized JPA EntityManagerFactory for persistence unit 'default'
2022-11-29 11:15:09.138  WARN 4472 --- [restartedMain] JpaBaseConfiguration$JpaWebConfiguration : spring.jpa.open-in-view is enabled by default. Therefore, database queries may be performed during view rendering. Explicitly configure spring.jpa.open-in-view to disable this warning
2022-11-29 11:15:09.250  INFO 4472 --- [restartedMain] o.s.b.d.a.OptionalLiveReloadServer       : LiveReload server is running on port 35729
2022-11-29 11:15:09.268  INFO 4472 --- [restartedMain] o.s.b.w.embedded.tomcat.TomcatWebServer  : Tomcat started on port(s): 8095 (http) with context path ''
2022-11-29 11:15:09.275  INFO 4472 --- [restartedMain] c.c.events.EventManagementApplication    : Started EventManagementApplication in 1.129 seconds (JVM running for 203.429)
2022-11-29 11:15:09.277  INFO 4472 --- [restartedMain] .ConditionEvaluationDeltaLoggingListener : Condition evaluation unchanged
2022-11-29 11:15:20.033  INFO 4472 --- [File Watcher] rtingClassPathChangeChangedEventListener : Restarting due to 1 class path change (0 additions, 0 deletions, 1 modification)
2022-11-29 11:15:20.051  INFO 4472 --- [Thread-51] o.apache.catalina.core.StandardService   : Stopping service [Tomcat]
2022-11-29 11:15:20.056  INFO 4472 --- [Thread-51] j.LocalContainerEntityManagerFactoryBean : Closing JPA EntityManagerFactory for persistence unit 'default'
2022-11-29 11:15:20.057  INFO 4472 --- [Thread-51] com.zaxxer.hikari.HikariDataSource       : HikariPool-13 - Shutdown initiated...
2022-11-29 11:15:20.073  INFO 4472 --- [Thread-51] com.zaxxer.hikari.HikariDataSource       : HikariPool-13 - Shutdown completed.
2022-11-29 11:15:20.201  INFO 4472 --- [restartedMain] c.c.events.EventManagementApplication    : Starting EventManagementApplication using Java 17.0.4 on LIN83005561 with PID 4472 (C:\Users\hasonti\Desktop\Workspace\EventManagement\EventManagement\target\classes started by hasonti in C:\Users\hasonti\Desktop\Workspace\EventManagement\EventManagement)
2022-11-29 11:15:20.202  INFO 4472 --- [restartedMain] c.c.events.EventManagementApplication    : No active profile set, falling back to 1 default profile: "default"
2022-11-29 11:15:20.464  INFO 4472 --- [restartedMain] .s.d.r.c.RepositoryConfigurationDelegate : Bootstrapping Spring Data JPA repositories in DEFAULT mode.
2022-11-29 11:15:20.506  INFO 4472 --- [restartedMain] .s.d.r.c.RepositoryConfigurationDelegate : Finished Spring Data repository scanning in 42 ms. Found 5 JPA repository interfaces.
2022-11-29 11:15:20.640  INFO 4472 --- [restartedMain] o.s.b.w.embedded.tomcat.TomcatWebServer  : Tomcat initialized with port(s): 8095 (http)
2022-11-29 11:15:20.641  INFO 4472 --- [restartedMain] o.apache.catalina.core.StandardService   : Starting service [Tomcat]
2022-11-29 11:15:20.641  INFO 4472 --- [restartedMain] org.apache.catalina.core.StandardEngine  : Starting Servlet engine: [Apache Tomcat/9.0.68]
2022-11-29 11:15:20.666  INFO 4472 --- [restartedMain] o.a.c.c.C.[Tomcat].[localhost].[/]       : Initializing Spring embedded WebApplicationContext
2022-11-29 11:15:20.666  INFO 4472 --- [restartedMain] w.s.c.ServletWebServerApplicationContext : Root WebApplicationContext: initialization completed in 461 ms
2022-11-29 11:15:20.705  INFO 4472 --- [restartedMain] o.hibernate.jpa.internal.util.LogHelper  : HHH000204: Processing PersistenceUnitInfo [name: default]
2022-11-29 11:15:20.715  INFO 4472 --- [restartedMain] com.zaxxer.hikari.HikariDataSource       : HikariPool-14 - Starting...
2022-11-29 11:15:20.822  INFO 4472 --- [restartedMain] com.zaxxer.hikari.HikariDataSource       : HikariPool-14 - Start completed.
2022-11-29 11:15:20.823  INFO 4472 --- [restartedMain] org.hibernate.dialect.Dialect            : HHH000400: Using dialect: org.hibernate.dialect.PostgreSQL95Dialect
2022-11-29 11:15:20.999  INFO 4472 --- [restartedMain] o.h.e.t.j.p.i.JtaPlatformInitiator       : HHH000490: Using JtaPlatform implementation: [org.hibernate.engine.transaction.jta.platform.internal.NoJtaPlatform]
2022-11-29 11:15:20.999  INFO 4472 --- [restartedMain] j.LocalContainerEntityManagerFactoryBean : Initialized JPA EntityManagerFactory for persistence unit 'default'
2022-11-29 11:15:21.205  WARN 4472 --- [restartedMain] JpaBaseConfiguration$JpaWebConfiguration : spring.jpa.open-in-view is enabled by default. Therefore, database queries may be performed during view rendering. Explicitly configure spring.jpa.open-in-view to disable this warning
2022-11-29 11:15:21.317  INFO 4472 --- [restartedMain] o.s.b.d.a.OptionalLiveReloadServer       : LiveReload server is running on port 35729
2022-11-29 11:15:21.335  INFO 4472 --- [restartedMain] o.s.b.w.embedded.tomcat.TomcatWebServer  : Tomcat started on port(s): 8095 (http) with context path ''
2022-11-29 11:15:21.340  INFO 4472 --- [restartedMain] c.c.events.EventManagementApplication    : Started EventManagementApplication in 1.183 seconds (JVM running for 215.494)
2022-11-29 11:15:21.342  INFO 4472 --- [restartedMain] .ConditionEvaluationDeltaLoggingListener : Condition evaluation unchanged
2022-11-29 11:15:37.211  INFO 4472 --- [File Watcher] rtingClassPathChangeChangedEventListener : Restarting due to 1 class path change (0 additions, 0 deletions, 1 modification)
2022-11-29 11:15:37.232  INFO 4472 --- [Thread-55] o.apache.catalina.core.StandardService   : Stopping service [Tomcat]
2022-11-29 11:15:37.240  INFO 4472 --- [Thread-55] j.LocalContainerEntityManagerFactoryBean : Closing JPA EntityManagerFactory for persistence unit 'default'
2022-11-29 11:15:37.240  INFO 4472 --- [Thread-55] com.zaxxer.hikari.HikariDataSource       : HikariPool-14 - Shutdown initiated...
2022-11-29 11:15:37.251  INFO 4472 --- [Thread-55] com.zaxxer.hikari.HikariDataSource       : HikariPool-14 - Shutdown completed.
2022-11-29 11:15:37.371  INFO 4472 --- [restartedMain] c.c.events.EventManagementApplication    : Starting EventManagementApplication using Java 17.0.4 on LIN83005561 with PID 4472 (C:\Users\hasonti\Desktop\Workspace\EventManagement\EventManagement\target\classes started by hasonti in C:\Users\hasonti\Desktop\Workspace\EventManagement\EventManagement)
2022-11-29 11:15:37.372  INFO 4472 --- [restartedMain] c.c.events.EventManagementApplication    : No active profile set, falling back to 1 default profile: "default"
2022-11-29 11:15:37.646  INFO 4472 --- [restartedMain] .s.d.r.c.RepositoryConfigurationDelegate : Bootstrapping Spring Data JPA repositories in DEFAULT mode.
2022-11-29 11:15:37.677  INFO 4472 --- [restartedMain] .s.d.r.c.RepositoryConfigurationDelegate : Finished Spring Data repository scanning in 30 ms. Found 5 JPA repository interfaces.
2022-11-29 11:15:37.775  INFO 4472 --- [restartedMain] o.s.b.w.embedded.tomcat.TomcatWebServer  : Tomcat initialized with port(s): 8095 (http)
2022-11-29 11:15:37.776  INFO 4472 --- [restartedMain] o.apache.catalina.core.StandardService   : Starting service [Tomcat]
2022-11-29 11:15:37.776  INFO 4472 --- [restartedMain] org.apache.catalina.core.StandardEngine  : Starting Servlet engine: [Apache Tomcat/9.0.68]
2022-11-29 11:15:37.803  INFO 4472 --- [restartedMain] o.a.c.c.C.[Tomcat].[localhost].[/]       : Initializing Spring embedded WebApplicationContext
2022-11-29 11:15:37.803  INFO 4472 --- [restartedMain] w.s.c.ServletWebServerApplicationContext : Root WebApplicationContext: initialization completed in 427 ms
2022-11-29 11:15:37.856  INFO 4472 --- [restartedMain] o.hibernate.jpa.internal.util.LogHelper  : HHH000204: Processing PersistenceUnitInfo [name: default]
2022-11-29 11:15:37.862  INFO 4472 --- [restartedMain] com.zaxxer.hikari.HikariDataSource       : HikariPool-15 - Starting...
2022-11-29 11:15:37.964  INFO 4472 --- [restartedMain] com.zaxxer.hikari.HikariDataSource       : HikariPool-15 - Start completed.
2022-11-29 11:15:37.965  INFO 4472 --- [restartedMain] org.hibernate.dialect.Dialect            : HHH000400: Using dialect: org.hibernate.dialect.PostgreSQL95Dialect
2022-11-29 11:15:38.148  INFO 4472 --- [restartedMain] o.h.e.t.j.p.i.JtaPlatformInitiator       : HHH000490: Using JtaPlatform implementation: [org.hibernate.engine.transaction.jta.platform.internal.NoJtaPlatform]
2022-11-29 11:15:38.148  INFO 4472 --- [restartedMain] j.LocalContainerEntityManagerFactoryBean : Initialized JPA EntityManagerFactory for persistence unit 'default'
2022-11-29 11:15:38.340  WARN 4472 --- [restartedMain] JpaBaseConfiguration$JpaWebConfiguration : spring.jpa.open-in-view is enabled by default. Therefore, database queries may be performed during view rendering. Explicitly configure spring.jpa.open-in-view to disable this warning
2022-11-29 11:15:38.447  INFO 4472 --- [restartedMain] o.s.b.d.a.OptionalLiveReloadServer       : LiveReload server is running on port 35729
2022-11-29 11:15:38.466  INFO 4472 --- [restartedMain] o.s.b.w.embedded.tomcat.TomcatWebServer  : Tomcat started on port(s): 8095 (http) with context path ''
2022-11-29 11:15:38.473  INFO 4472 --- [restartedMain] c.c.events.EventManagementApplication    : Started EventManagementApplication in 1.139 seconds (JVM running for 232.626)
2022-11-29 11:15:38.475  INFO 4472 --- [restartedMain] .ConditionEvaluationDeltaLoggingListener : Condition evaluation unchanged
2022-11-29 11:16:43.364  INFO 4472 --- [RMI TCP Connection(20)-127.0.0.1] inMXBeanRegistrar$SpringApplicationAdmin : Application shutdown requested.
2022-11-29 11:16:43.382  INFO 4472 --- [RMI TCP Connection(20)-127.0.0.1] o.apache.catalina.core.StandardService   : Stopping service [Tomcat]
2022-11-29 11:16:43.389  INFO 4472 --- [RMI TCP Connection(20)-127.0.0.1] j.LocalContainerEntityManagerFactoryBean : Closing JPA EntityManagerFactory for persistence unit 'default'
2022-11-29 11:16:43.390  INFO 4472 --- [RMI TCP Connection(20)-127.0.0.1] com.zaxxer.hikari.HikariDataSource       : HikariPool-15 - Shutdown initiated...
2022-11-29 11:16:43.395  INFO 4472 --- [RMI TCP Connection(20)-127.0.0.1] com.zaxxer.hikari.HikariDataSource       : HikariPool-15 - Shutdown completed.
2022-11-29 11:17:06.471  INFO 18360 --- [restartedMain] c.c.events.EventManagementApplication    : Starting EventManagementApplication using Java 17.0.4 on LIN83005561 with PID 18360 (C:\Users\hasonti\Desktop\Workspace\EventManagement\EventManagement\target\classes started by hasonti in C:\Users\hasonti\Desktop\Workspace\EventManagement\EventManagement)
2022-11-29 11:17:06.474  INFO 18360 --- [restartedMain] c.c.events.EventManagementApplication    : No active profile set, falling back to 1 default profile: "default"
2022-11-29 11:17:06.546  INFO 18360 --- [restartedMain] .e.DevToolsPropertyDefaultsPostProcessor : Devtools property defaults active! Set 'spring.devtools.add-properties' to 'false' to disable
2022-11-29 11:17:06.546  INFO 18360 --- [restartedMain] .e.DevToolsPropertyDefaultsPostProcessor : For additional web related logging consider setting the 'logging.level.web' property to 'DEBUG'
2022-11-29 11:17:07.409  INFO 18360 --- [restartedMain] .s.d.r.c.RepositoryConfigurationDelegate : Bootstrapping Spring Data JPA repositories in DEFAULT mode.
2022-11-29 11:17:07.518  INFO 18360 --- [restartedMain] .s.d.r.c.RepositoryConfigurationDelegate : Finished Spring Data repository scanning in 95 ms. Found 5 JPA repository interfaces.
2022-11-29 11:17:08.321  INFO 18360 --- [restartedMain] o.s.b.w.embedded.tomcat.TomcatWebServer  : Tomcat initialized with port(s): 8095 (http)
2022-11-29 11:17:08.334  INFO 18360 --- [restartedMain] o.apache.catalina.core.StandardService   : Starting service [Tomcat]
2022-11-29 11:17:08.334  INFO 18360 --- [restartedMain] org.apache.catalina.core.StandardEngine  : Starting Servlet engine: [Apache Tomcat/9.0.68]
2022-11-29 11:17:08.439  INFO 18360 --- [restartedMain] o.a.c.c.C.[Tomcat].[localhost].[/]       : Initializing Spring embedded WebApplicationContext
2022-11-29 11:17:08.440  INFO 18360 --- [restartedMain] w.s.c.ServletWebServerApplicationContext : Root WebApplicationContext: initialization completed in 1892 ms
2022-11-29 11:17:08.665  INFO 18360 --- [restartedMain] o.hibernate.jpa.internal.util.LogHelper  : HHH000204: Processing PersistenceUnitInfo [name: default]
2022-11-29 11:17:08.729  INFO 18360 --- [restartedMain] org.hibernate.Version                    : HHH000412: Hibernate ORM core version 5.6.12.Final
2022-11-29 11:17:08.938  INFO 18360 --- [restartedMain] o.hibernate.annotations.common.Version   : HCANN000001: Hibernate Commons Annotations {5.1.2.Final}
2022-11-29 11:17:09.082  INFO 18360 --- [restartedMain] com.zaxxer.hikari.HikariDataSource       : HikariPool-1 - Starting...
2022-11-29 11:17:09.357  INFO 18360 --- [restartedMain] com.zaxxer.hikari.HikariDataSource       : HikariPool-1 - Start completed.
2022-11-29 11:17:09.383  INFO 18360 --- [restartedMain] org.hibernate.dialect.Dialect            : HHH000400: Using dialect: org.hibernate.dialect.PostgreSQL95Dialect
2022-11-29 11:17:10.493  INFO 18360 --- [restartedMain] o.h.e.t.j.p.i.JtaPlatformInitiator       : HHH000490: Using JtaPlatform implementation: [org.hibernate.engine.transaction.jta.platform.internal.NoJtaPlatform]
2022-11-29 11:17:10.503  INFO 18360 --- [restartedMain] j.LocalContainerEntityManagerFactoryBean : Initialized JPA EntityManagerFactory for persistence unit 'default'
2022-11-29 11:17:11.016  WARN 18360 --- [restartedMain] JpaBaseConfiguration$JpaWebConfiguration : spring.jpa.open-in-view is enabled by default. Therefore, database queries may be performed during view rendering. Explicitly configure spring.jpa.open-in-view to disable this warning
2022-11-29 11:17:11.346  INFO 18360 --- [restartedMain] o.s.b.d.a.OptionalLiveReloadServer       : LiveReload server is running on port 35729
2022-11-29 11:17:11.395  INFO 18360 --- [restartedMain] o.s.b.w.embedded.tomcat.TomcatWebServer  : Tomcat started on port(s): 8095 (http) with context path ''
2022-11-29 11:17:11.408  INFO 18360 --- [restartedMain] c.c.events.EventManagementApplication    : Started EventManagementApplication in 5.434 seconds (JVM running for 6.69)
2022-11-29 11:43:53.393  INFO 18360 --- [http-nio-8095-exec-2] o.apache.coyote.http11.Http11Processor   : Error parsing HTTP request header
 Note: further occurrences of HTTP request parsing errors will be logged at DEBUG level.

java.lang.IllegalArgumentException: Invalid character found in method name [0x160x030x010x000xf70x010x000x000xf30x030x030x1e(I0xb90xd10x00-0xa7j0x99hS0xdbZ4t0xdepz0x1f0x95}0xa8 ]. HTTP method names must be tokens
	at org.apache.coyote.http11.Http11InputBuffer.parseRequestLine(Http11InputBuffer.java:419) ~[tomcat-embed-core-9.0.68.jar:9.0.68]
	at org.apache.coyote.http11.Http11Processor.service(Http11Processor.java:271) ~[tomcat-embed-core-9.0.68.jar:9.0.68]
	at org.apache.coyote.AbstractProcessorLight.process(AbstractProcessorLight.java:65) ~[tomcat-embed-core-9.0.68.jar:9.0.68]
	at org.apache.coyote.AbstractProtocol$ConnectionHandler.process(AbstractProtocol.java:893) ~[tomcat-embed-core-9.0.68.jar:9.0.68]
	at org.apache.tomcat.util.net.NioEndpoint$SocketProcessor.doRun(NioEndpoint.java:1789) ~[tomcat-embed-core-9.0.68.jar:9.0.68]
	at org.apache.tomcat.util.net.SocketProcessorBase.run(SocketProcessorBase.java:49) ~[tomcat-embed-core-9.0.68.jar:9.0.68]
	at org.apache.tomcat.util.threads.ThreadPoolExecutor.runWorker(ThreadPoolExecutor.java:1191) ~[tomcat-embed-core-9.0.68.jar:9.0.68]
	at org.apache.tomcat.util.threads.ThreadPoolExecutor$Worker.run(ThreadPoolExecutor.java:659) ~[tomcat-embed-core-9.0.68.jar:9.0.68]
	at org.apache.tomcat.util.threads.TaskThread$WrappingRunnable.run(TaskThread.java:61) ~[tomcat-embed-core-9.0.68.jar:9.0.68]
	at java.base/java.lang.Thread.run(Thread.java:833) ~[na:na]

2022-11-29 11:44:01.761  INFO 18360 --- [http-nio-8095-exec-3] o.a.c.c.C.[Tomcat].[localhost].[/]       : Initializing Spring DispatcherServlet 'dispatcherServlet'
2022-11-29 11:44:01.762  INFO 18360 --- [http-nio-8095-exec-3] o.s.web.servlet.DispatcherServlet        : Initializing Servlet 'dispatcherServlet'
2022-11-29 11:44:01.764  INFO 18360 --- [http-nio-8095-exec-3] o.s.web.servlet.DispatcherServlet        : Completed initialization in 1 ms
2022-11-29 14:29:54.076  INFO 18360 --- [File Watcher] rtingClassPathChangeChangedEventListener : Restarting due to 1 class path change (0 additions, 0 deletions, 1 modification)
2022-11-29 14:29:54.115  INFO 18360 --- [Thread-5] o.apache.catalina.core.StandardService   : Stopping service [Tomcat]
2022-11-29 14:29:54.119  INFO 18360 --- [Thread-5] o.a.c.c.C.[Tomcat].[localhost].[/]       : Destroying Spring FrameworkServlet 'dispatcherServlet'
2022-11-29 14:29:54.144  INFO 18360 --- [Thread-5] j.LocalContainerEntityManagerFactoryBean : Closing JPA EntityManagerFactory for persistence unit 'default'
2022-11-29 14:29:54.161  INFO 18360 --- [Thread-5] com.zaxxer.hikari.HikariDataSource       : HikariPool-1 - Shutdown initiated...
2022-11-29 14:29:54.174  INFO 18360 --- [Thread-5] com.zaxxer.hikari.HikariDataSource       : HikariPool-1 - Shutdown completed.
